<?xml version="1.0" encoding="UTF-8"?>
<testsuite name="TestSuite" time="5.166" tests="5" errors="0" skipped="1" failures="0">
  <properties>
[...]
</properties>
  <testcase name="bankLoginTest" classname="com.vs.testcases.BankLoginTest" time="2.757"/>
  <testcase name="addCustomerTest" classname="com.vs.testcases.AddCustomerTest" time="2.409"/>
  <testcase name="addCustomerTest" classname="com.vs.testcases.AddCustomerTest" time="2.456"/>
  <testcase name="addCustomerTest" classname="com.vs.testcases.AddCustomerTest" time="2.551"/>
  <testcase name="openAccountTest" classname="com.vs.testcases.OpenAccountTest" time="0">
    <skipped/>
  </testcase>
</testsuite>