<?xml version="1.0" encoding="UTF-8"?>
<testsuite name="Add Customer Test"
           tests="3"
           failures="0"
           errors="0"
           skipped="0"
           time="7.149">
  <properties />
  
  
            <testcase name="addCustomerTest" time="2.332" classname="com.vs.testcases.AddCustomerTest" />
                <testcase name="addCustomerTest" time="2.410" classname="com.vs.testcases.AddCustomerTest" />
                <testcase name="addCustomerTest" time="2.407" classname="com.vs.testcases.AddCustomerTest" />
      
</testsuite>
