<?xml version="1.0" encoding="UTF-8"?>
<!-- Generated by org.testng.reporters.JUnitXMLReporter -->
<testsuite hostname="DESKTOP-95KMLJM" ignored="0" name="Bank Login Test" tests="1" failures="1" timestamp="06 Dec 2018 05:05:27 GMT" time="0.132" errors="0">
  <testcase name="bankLogin" time="0.112" classname="com.vs.testcases.BankLoginTest">
    <failure type="java.lang.AssertionError" message="Login Not Successfull">
      <![CDATA[java.lang.AssertionError: Login Not Successfull
at com.vs.testcases.BankLoginTest.bankLogin(BankLoginTest.java:20)
... Removed 26 stack frames]]>
    </failure>
  </testcase> <!-- bankLogin -->
</testsuite> <!-- Bank Login Test -->
