<?xml version="1.0" encoding="UTF-8"?>
<!-- Generated by org.testng.reporters.JUnitXMLReporter -->
<testsuite hostname="DESKTOP-95KMLJM" ignored="0" name="Bank Login" tests="1" failures="1" timestamp="04 Dec 2018 05:46:25 GMT" time="20.165" errors="0">
  <testcase name="bankLogin" time="20.141" classname="com.vs.testcases.BankLoginTest">
    <failure type="java.lang.AssertionError" message="expected [true] but found [false]">
      <![CDATA[java.lang.AssertionError: expected [true] but found [false]
at com.vs.testcases.BankLoginTest.bankLogin(BankLoginTest.java:15)
... Removed 29 stack frames]]>
    </failure>
  </testcase> <!-- bankLogin -->
</testsuite> <!-- Bank Login -->
