<?xml version="1.0" encoding="UTF-8"?>
<!-- Generated by org.testng.reporters.JUnitXMLReporter -->
<testsuite hostname="DESKTOP-95KMLJM" ignored="0" name="Add Customer Test" tests="3" failures="0" timestamp="20 Dec 2018 03:51:44 GMT" time="7.246" errors="0">
  <testcase name="addCustomerTest" time="2.332" classname="com.vs.testcases.AddCustomerTest"/>
  <testcase name="addCustomerTest" time="2.41" classname="com.vs.testcases.AddCustomerTest"/>
  <testcase name="addCustomerTest" time="2.407" classname="com.vs.testcases.AddCustomerTest"/>
</testsuite> <!-- Add Customer Test -->
