<?xml version="1.0" encoding="UTF-8"?>
<!-- Generated by org.testng.reporters.JUnitXMLReporter -->
<testsuite hostname="DESKTOP-95KMLJM" ignored="0" name="Add Customer Test" tests="3" failures="0" timestamp="17 Dec 2018 04:03:27 GMT" time="7.571" errors="0">
  <testcase name="addCustomerTest" time="2.409" classname="com.vs.testcases.AddCustomerTest"/>
  <testcase name="addCustomerTest" time="2.456" classname="com.vs.testcases.AddCustomerTest"/>
  <testcase name="addCustomerTest" time="2.55" classname="com.vs.testcases.AddCustomerTest"/>
</testsuite> <!-- Add Customer Test -->
